<?xml version="1.0" encoding="UTF-8"?>
<!-- Generated by org.testng.reporters.JUnitXMLReporter -->
<testsuite ignored="1" hostname="INNOIL00514" failures="0" tests="1" name="Default test" time="16.599" errors="0" timestamp="2026-01-10T23:38:39 IST">
  <testcase classname="companyCode.SelectAmazonSearchDropDown" name="testAutoSuggestion" time="11.385"/>
  <testcase classname="companyCode.SelectAmazonSearchDropDown" name="getAllOptions" time="0.0">
    <ignored/>
  </testcase> <!-- getAllOptions -->
</testsuite> <!-- Default test -->
