<?xml version="1.0" encoding="UTF-8"?>
<!-- Generated by org.testng.reporters.JUnitXMLReporter -->
<testsuite ignored="0" hostname="INNOIL00514" failures="0" tests="5" name="Default test" time="0.056" errors="0" timestamp="2026-03-11T15:05:10 IST">
  <testcase classname="March62026_Prep_infosys.DataProviderTest" name="testData" time="0.003"/>
  <testcase classname="March62026_Prep_infosys.DataProviderTest" name="testData" time="0.007"/>
  <testcase classname="March62026_Prep_infosys.DataProviderTest" name="testData" time="0.001"/>
  <testcase classname="March62026_Prep_infosys.DataProviderTest" name="testData" time="0.001"/>
  <testcase classname="March62026_Prep_infosys.DataProviderTest" name="testData" time="0.001"/>
</testsuite> <!-- Default test -->
