<?xml version="1.0" encoding="UTF-8"?>
<testng-results ignored="1" total="2" passed="1" failed="0" skipped="0">
  <reporter-output>
  </reporter-output>
  <suite started-at="2026-01-10T23:38:22 IST" name="Default suite" finished-at="2026-01-10T23:38:39 IST" duration-ms="16599">
    <groups>
    </groups>
    <test started-at="2026-01-10T23:38:22 IST" name="Default test" finished-at="2026-01-10T23:38:39 IST" duration-ms="16599">
      <class name="companyCode.SelectAmazonSearchDropDown">
        <test-method is-config="true" signature="beforeTest()[pri:0, instance:companyCode.SelectAmazonSearchDropDown@44c03695]" started-at="2026-01-10T23:38:22 IST" name="beforeTest" finished-at="2026-01-10T23:38:27 IST" duration-ms="5140" status="PASS">
          <reporter-output>
          </reporter-output>
        </test-method> <!-- beforeTest -->
        <test-method signature="testAutoSuggestion()[pri:0, instance:companyCode.SelectAmazonSearchDropDown@44c03695]" started-at="2026-01-10T23:38:27 IST" name="testAutoSuggestion" finished-at="2026-01-10T23:38:39 IST" duration-ms="11385" status="PASS">
          <reporter-output>
          </reporter-output>
        </test-method> <!-- testAutoSuggestion -->
      </class> <!-- companyCode.SelectAmazonSearchDropDown -->
    </test> <!-- Default test -->
  </suite> <!-- Default suite -->
</testng-results>
