<?xml version="1.0" encoding="UTF-8"?>
<testng-results ignored="0" total="5" passed="5" failed="0" skipped="0">
  <reporter-output>
  </reporter-output>
  <suite started-at="2026-03-11T15:05:10 IST" name="Default suite" finished-at="2026-03-11T15:05:10 IST" duration-ms="56">
    <groups>
    </groups>
    <test started-at="2026-03-11T15:05:10 IST" name="Default test" finished-at="2026-03-11T15:05:10 IST" duration-ms="56">
      <class name="March62026_Prep_infosys.DataProviderTest">
        <test-method signature="testData(java.lang.String,java.lang.String,java.lang.String)[pri:0, instance:March62026_Prep_infosys.DataProviderTest@7c7a06ec]" started-at="2026-03-11T15:05:10 IST" name="testData" data-provider="dataproviderLogin" finished-at="2026-03-11T15:05:10 IST" duration-ms="3" status="PASS">
          <params>
            <param index="0">
              <value>
                <![CDATA[khillan]]>
              </value>
            </param>
            <param index="1">
              <value>
                <![CDATA[23]]>
              </value>
            </param>
            <param index="2">
              <value>
                <![CDATA[Noida]]>
              </value>
            </param>
          </params>
          <reporter-output>
          </reporter-output>
        </test-method> <!-- testData -->
        <test-method signature="testData(java.lang.String,java.lang.String,java.lang.String)[pri:0, instance:March62026_Prep_infosys.DataProviderTest@7c7a06ec]" started-at="2026-03-11T15:05:10 IST" name="testData" data-provider="dataproviderLogin" finished-at="2026-03-11T15:05:10 IST" duration-ms="7" status="PASS">
          <params>
            <param index="0">
              <value>
                <![CDATA[Prem]]>
              </value>
            </param>
            <param index="1">
              <value>
                <![CDATA[33]]>
              </value>
            </param>
            <param index="2">
              <value>
                <![CDATA[Gwalior]]>
              </value>
            </param>
          </params>
          <reporter-output>
          </reporter-output>
        </test-method> <!-- testData -->
        <test-method signature="testData(java.lang.String,java.lang.String,java.lang.String)[pri:0, instance:March62026_Prep_infosys.DataProviderTest@7c7a06ec]" started-at="2026-03-11T15:05:10 IST" name="testData" data-provider="dataproviderLogin" finished-at="2026-03-11T15:05:10 IST" duration-ms="1" status="PASS">
          <params>
            <param index="0">
              <value>
                <![CDATA[Shyma]]>
              </value>
            </param>
            <param index="1">
              <value>
                <![CDATA[54]]>
              </value>
            </param>
            <param index="2">
              <value>
                <![CDATA[Gr. Noida]]>
              </value>
            </param>
          </params>
          <reporter-output>
          </reporter-output>
        </test-method> <!-- testData -->
        <test-method signature="testData(java.lang.String,java.lang.String,java.lang.String)[pri:0, instance:March62026_Prep_infosys.DataProviderTest@7c7a06ec]" started-at="2026-03-11T15:05:10 IST" name="testData" data-provider="dataproviderLogin" finished-at="2026-03-11T15:05:10 IST" duration-ms="1" status="PASS">
          <params>
            <param index="0">
              <value>
                <![CDATA[PremSingh]]>
              </value>
            </param>
            <param index="1">
              <value>
                <![CDATA[54]]>
              </value>
            </param>
            <param index="2">
              <value>
                <![CDATA[delhi]]>
              </value>
            </param>
          </params>
          <reporter-output>
          </reporter-output>
        </test-method> <!-- testData -->
        <test-method signature="testData(java.lang.String,java.lang.String,java.lang.String)[pri:0, instance:March62026_Prep_infosys.DataProviderTest@7c7a06ec]" started-at="2026-03-11T15:05:10 IST" name="testData" data-provider="dataproviderLogin" finished-at="2026-03-11T15:05:10 IST" duration-ms="1" status="PASS">
          <params>
            <param index="0">
              <value>
                <![CDATA[Ramzi]]>
              </value>
            </param>
            <param index="1">
              <value>
                <![CDATA[54]]>
              </value>
            </param>
            <param index="2">
              <value>
                <![CDATA[Pune]]>
              </value>
            </param>
          </params>
          <reporter-output>
          </reporter-output>
        </test-method> <!-- testData -->
      </class> <!-- March62026_Prep_infosys.DataProviderTest -->
    </test> <!-- Default test -->
  </suite> <!-- Default suite -->
</testng-results>
