<?xml version="1.0" encoding="UTF-8"?>
<!-- Generated by org.testng.reporters.JUnitReportReporter -->
<testsuite hostname="INNOIL00514" failures="0" tests="5" name="March62026_Prep_infosys.DataProviderTest" time="0.013" errors="0" timestamp="2026-03-11T15:05:10 IST" skipped="0">
  <testcase classname="March62026_Prep_infosys.DataProviderTest" name="testData" time="0.001"/>
  <testcase classname="March62026_Prep_infosys.DataProviderTest" name="testData" time="0.007"/>
  <testcase classname="March62026_Prep_infosys.DataProviderTest" name="testData" time="0.001"/>
  <testcase classname="March62026_Prep_infosys.DataProviderTest" name="testData" time="0.003"/>
  <testcase classname="March62026_Prep_infosys.DataProviderTest" name="testData" time="0.001"/>
</testsuite> <!-- March62026_Prep_infosys.DataProviderTest -->
