<?xml version="1.0" encoding="UTF-8"?>
<!-- Generated by org.testng.reporters.JUnitReportReporter -->
<testsuite hostname="INNOIL00514" failures="0" tests="3" name="testngConcept.OpenCartTest" time="0.006" errors="0" timestamp="2025-12-25T20:33:40 IST" skipped="0">
  <testcase classname="testngConcept.OpenCartTest" name="titleTest" time="0.001"/>
  <testcase classname="testngConcept.OpenCartTest" name="headerTest" time="0.003"/>
  <testcase classname="testngConcept.OpenCartTest" name="urlTest" time="0.002"/>
</testsuite> <!-- testngConcept.OpenCartTest -->
