<?xml version="1.0" encoding="UTF-8"?>
<!-- Generated by org.testng.reporters.JUnitReportReporter -->
<testsuite hostname="INNOIL00514" failures="0" tests="3" name="testngConcept.OpenCartLoginTest" time="0.029" errors="0" timestamp="2025-12-26T14:23:13 IST" skipped="1">
  <testcase classname="testngConcept.OpenCartLoginTest" name="titleTest" time="0.014"/>
  <testcase classname="testngConcept.OpenCartLoginTest" name="urlTest" time="0.015"/>
  <testcase classname="testngConcept.OpenCartLoginTest" name="imageTest">
    <skipped/>
  </testcase> <!-- imageTest -->
</testsuite> <!-- testngConcept.OpenCartLoginTest -->
