<?xml version="1.0" encoding="UTF-8"?>
<!-- Generated by org.testng.reporters.JUnitReportReporter -->
<testsuite hostname="INNOIL00514" failures="0" tests="3" name="testngConcept.GoogleTest" time="0.044" errors="0" timestamp="2025-12-26T14:23:13 IST" skipped="1">
  <testcase classname="testngConcept.GoogleTest" name="titleTest" time="0.025"/>
  <testcase classname="testngConcept.GoogleTest" name="urlTest" time="0.019"/>
  <testcase classname="testngConcept.GoogleTest" name="imageTest">
    <skipped/>
  </testcase> <!-- imageTest -->
</testsuite> <!-- testngConcept.GoogleTest -->
