<?xml version="1.0" encoding="UTF-8"?>
<!-- Generated by org.testng.reporters.JUnitReportReporter -->
<testsuite hostname="INNOIL00514" failures="0" tests="3" name="testngConcept.TestingCSV" time="0.009" errors="0" timestamp="2025-12-31T09:05:27 IST" skipped="0">
  <testcase classname="testngConcept.TestingCSV" name="testData" time="0.006"/>
  <testcase classname="testngConcept.TestingCSV" name="testData" time="0.001"/>
  <testcase classname="testngConcept.TestingCSV" name="testData" time="0.002"/>
</testsuite> <!-- testngConcept.TestingCSV -->
