<?xml version="1.0" encoding="UTF-8"?>
<!-- Generated by org.testng.reporters.JUnitReportReporter -->
<testsuite hostname="INNOIL00514" failures="0" tests="2" name="companyCode.SelectAmazonSearchDropDown" time="11.385" errors="0" timestamp="2026-01-10T23:38:39 IST" skipped="1">
  <testcase classname="companyCode.SelectAmazonSearchDropDown" name="testAutoSuggestion" time="11.385"/>
  <testcase classname="companyCode.SelectAmazonSearchDropDown" name="getAllOptions">
    <skipped/>
  </testcase> <!-- getAllOptions -->
</testsuite> <!-- companyCode.SelectAmazonSearchDropDown -->
