<?xml version="1.0" encoding="UTF-8"?>
<!-- Generated by org.testng.reporters.JUnitReportReporter -->
<testsuite hostname="INNOIL00514" failures="0" tests="6" name="testngConcept.PriorityTheTest" time="0.009" errors="0" timestamp="2025-12-26T09:27:32 IST" skipped="0">
  <testcase classname="testngConcept.PriorityTheTest" name="dTest" time="0.005"/>
  <testcase classname="testngConcept.PriorityTheTest" name="eTest" time="0.001"/>
  <testcase classname="testngConcept.PriorityTheTest" name="eTest" time="0.001"/>
  <testcase classname="testngConcept.PriorityTheTest" name="aTest" time="0.000"/>
  <testcase classname="testngConcept.PriorityTheTest" name="cTest" time="0.001"/>
  <testcase classname="testngConcept.PriorityTheTest" name="bTest" time="0.001"/>
</testsuite> <!-- testngConcept.PriorityTheTest -->
