<?xml version="1.0" encoding="UTF-8"?>
<!-- Generated by org.testng.reporters.JUnitXMLReporter -->
<testsuite ignored="1" hostname="INNOIL00514" failures="0" tests="2" name="Google Test" time="7.279" errors="0" timestamp="2025-12-26T14:23:05 IST">
  <testcase classname="testngConcept.GoogleTest" name="titleTest" time="0.025"/>
  <testcase classname="testngConcept.GoogleTest" name="urlTest" time="0.019"/>
  <testcase classname="testngConcept.GoogleTest" name="imageTest" time="0.0">
    <ignored/>
  </testcase> <!-- imageTest -->
</testsuite> <!-- Google Test -->
