<?xml version="1.0" encoding="UTF-8"?>
<!-- Generated by org.testng.reporters.JUnitXMLReporter -->
<testsuite ignored="1" hostname="INNOIL00514" failures="0" tests="2" name="OpenCartLogin Test" time="7.33" errors="0" timestamp="2025-12-26T14:23:13 IST">
  <testcase classname="testngConcept.OpenCartLoginTest" name="titleTest" time="0.014"/>
  <testcase classname="testngConcept.OpenCartLoginTest" name="urlTest" time="0.015"/>
  <testcase classname="testngConcept.OpenCartLoginTest" name="imageTest" time="0.0">
    <ignored/>
  </testcase> <!-- imageTest -->
</testsuite> <!-- OpenCartLogin Test -->
