<?xml version="1.0" encoding="UTF-8"?>
<!-- Generated by org.testng.reporters.JUnitXMLReporter -->
<testsuite ignored="0" hostname="INNOIL00514" failures="0" tests="2" name="OrganHRM Test" time="2.397" errors="0" timestamp="2025-12-26T14:21:04 IST">
  <testcase classname="testngConcept.OrganHRMTest" name="titleTest" time="0.0">
    <skipped/>
  </testcase> <!-- titleTest -->
  <testcase classname="testngConcept.OrganHRMTest" name="urlTest" time="0.0">
    <skipped/>
  </testcase> <!-- urlTest -->
</testsuite> <!-- OrganHRM Test -->
